<?xml version="1.0" encoding="UTF-8"?>
<!-- Generated by org.testng.reporters.JUnitXMLReporter -->
<testsuite ignored="12" hostname="LAPTOP-UMA11IFC" failures="0" tests="5" name="Chrome FunctionalTest" time="76.309" errors="0" timestamp="2024-08-24T02:17:21 IST">
  <testcase classname="org.herokuapp.com.tests.HerokuAppSetTest1" name="addandRemoveElements" time="1.056"/>
  <testcase classname="org.herokuapp.com.tests.HerokuAppSetTest1" name="basicAuthTest" time="0.453"/>
  <testcase classname="org.herokuapp.com.tests.HerokuAppSetTest1" name="brokenImagesTest" time="11.396"/>
  <testcase classname="org.herokuapp.com.tests.HerokuAppSetTest1" name="challengingDomTest" time="32.177"/>
  <testcase classname="org.herokuapp.com.tests.HerokuAppSetTest1" name="checkBoxTest" time="0.52"/>
  <testcase classname="org.herokuapp.com.tests.HerokuAppSetTest1" name="waitHandleTest" time="0.0">
    <ignored/>
  </testcase> <!-- waitHandleTest -->
  <testcase classname="org.herokuapp.com.tests.HerokuAppSetTest1" name="dragandDropTest" time="0.0">
    <ignored/>
  </testcase> <!-- dragandDropTest -->
  <testcase classname="org.herokuapp.com.tests.HerokuAppSetTest1" name="mouseHoverTest" time="0.0">
    <ignored/>
  </testcase> <!-- mouseHoverTest -->
  <testcase classname="org.herokuapp.com.tests.HerokuAppSetTest1" name="scrollupdowntest" time="0.0">
    <ignored/>
  </testcase> <!-- scrollupdowntest -->
  <testcase classname="org.herokuapp.com.tests.HerokuAppSetTest1" name="fileUploadTest1" time="0.0">
    <ignored/>
  </testcase> <!-- fileUploadTest1 -->
  <testcase classname="org.herokuapp.com.tests.HerokuAppSetTest1" name="webTable" time="0.0">
    <ignored/>
  </testcase> <!-- webTable -->
  <testcase classname="org.herokuapp.com.tests.HerokuAppSetTest1" name="frameHandlingTest" time="0.0">
    <ignored/>
  </testcase> <!-- frameHandlingTest -->
  <testcase classname="org.herokuapp.com.tests.HerokuAppSetTest1" name="dropDownTest" time="0.0">
    <ignored/>
  </testcase> <!-- dropDownTest -->
  <testcase classname="org.herokuapp.com.tests.HerokuAppSetTest1" name="contextMenuTest" time="0.0">
    <ignored/>
  </testcase> <!-- contextMenuTest -->
  <testcase classname="org.herokuapp.com.tests.HerokuAppSetTest1" name="geoLocationTest" time="0.0">
    <ignored/>
  </testcase> <!-- geoLocationTest -->
  <testcase classname="org.herokuapp.com.tests.HerokuAppSetTest1" name="fileUploadTest2" time="0.0">
    <ignored/>
  </testcase> <!-- fileUploadTest2 -->
  <testcase classname="org.herokuapp.com.tests.HerokuAppSetTest1" name="alertHandle" time="0.0">
    <ignored/>
  </testcase> <!-- alertHandle -->
</testsuite> <!-- Chrome FunctionalTest -->
