<?xml version="1.0" encoding="UTF-8"?>
<!-- Generated by org.testng.reporters.JUnitXMLReporter -->
<testsuite ignored="16" hostname="LAPTOP-UMA11IFC" failures="0" tests="1" name="Default test" time="7.102" errors="0" timestamp="2024-08-21T12:23:45 IST">
  <testcase classname="org.herokuapp.com.tests.HerokuAppSetTest1" name="addandRemoveElements" time="1.416"/>
  <testcase classname="org.herokuapp.com.tests.HerokuAppSetTest1" name="alertHandle" time="0.0">
    <ignored/>
  </testcase> <!-- alertHandle -->
  <testcase classname="org.herokuapp.com.tests.HerokuAppSetTest1" name="checkBoxTest" time="0.0">
    <ignored/>
  </testcase> <!-- checkBoxTest -->
  <testcase classname="org.herokuapp.com.tests.HerokuAppSetTest1" name="mouseHoverTest" time="0.0">
    <ignored/>
  </testcase> <!-- mouseHoverTest -->
  <testcase classname="org.herokuapp.com.tests.HerokuAppSetTest1" name="challengingDomTest" time="0.0">
    <ignored/>
  </testcase> <!-- challengingDomTest -->
  <testcase classname="org.herokuapp.com.tests.HerokuAppSetTest1" name="fileUploadTest2" time="0.0">
    <ignored/>
  </testcase> <!-- fileUploadTest2 -->
  <testcase classname="org.herokuapp.com.tests.HerokuAppSetTest1" name="frameHandlingTest" time="0.0">
    <ignored/>
  </testcase> <!-- frameHandlingTest -->
  <testcase classname="org.herokuapp.com.tests.HerokuAppSetTest1" name="dropDownTest" time="0.0">
    <ignored/>
  </testcase> <!-- dropDownTest -->
  <testcase classname="org.herokuapp.com.tests.HerokuAppSetTest1" name="webTable" time="0.0">
    <ignored/>
  </testcase> <!-- webTable -->
  <testcase classname="org.herokuapp.com.tests.HerokuAppSetTest1" name="brokenImagesTest" time="0.0">
    <ignored/>
  </testcase> <!-- brokenImagesTest -->
  <testcase classname="org.herokuapp.com.tests.HerokuAppSetTest1" name="fileUploadTest1" time="0.0">
    <ignored/>
  </testcase> <!-- fileUploadTest1 -->
  <testcase classname="org.herokuapp.com.tests.HerokuAppSetTest1" name="basicAuthTest" time="0.0">
    <ignored/>
  </testcase> <!-- basicAuthTest -->
  <testcase classname="org.herokuapp.com.tests.HerokuAppSetTest1" name="waitHandleTest" time="0.0">
    <ignored/>
  </testcase> <!-- waitHandleTest -->
  <testcase classname="org.herokuapp.com.tests.HerokuAppSetTest1" name="contextMenuTest" time="0.0">
    <ignored/>
  </testcase> <!-- contextMenuTest -->
  <testcase classname="org.herokuapp.com.tests.HerokuAppSetTest1" name="geoLocationTest" time="0.0">
    <ignored/>
  </testcase> <!-- geoLocationTest -->
  <testcase classname="org.herokuapp.com.tests.HerokuAppSetTest1" name="scrollupdowntest" time="0.0">
    <ignored/>
  </testcase> <!-- scrollupdowntest -->
  <testcase classname="org.herokuapp.com.tests.HerokuAppSetTest1" name="dragandDropTest" time="0.0">
    <ignored/>
  </testcase> <!-- dragandDropTest -->
</testsuite> <!-- Default test -->
