<?xml version="1.0" encoding="UTF-8"?>
<testsuite xmlns:xsi="http://www.w3.org/2001/XMLSchema-instance" xsi:noNamespaceSchemaLocation="https://maven.apache.org/surefire/maven-surefire-plugin/xsd/surefire-test-report-3.0.xsd" version="3.0" name="TestSuite" time="87.088" tests="5" errors="0" skipped="0" failures="0">
  <properties>
[...]
</properties>
  <testcase name="addandRemoveElements" classname="org.herokuapp.com.tests.HerokuAppSetTest1" time="1.059">
    <system-out><![CDATA[&amp#27;[1mBefore Suite Started!&amp#27;[0m
log4j: reset attribute= "false".
log4j: Threshold ="null".
log4j: Level value for root is  [INFO].
log4j: root level set to INFO
log4j: Class name: [org.apache.log4j.ConsoleAppender]
log4j: Parsing layout of class: "org.apache.log4j.PatternLayout"
log4j: Setting property [conversionPattern] to [%d{yyyy-MM-dd HH:mm:ss} %-5p %c{1}:%L - %m%n].
log4j: Adding appender named [console] to category [root].
2024-08-24 02:16:04 INFO  LogListener:23 - ************************** Test Execution Started ************************************
&amp#27;[1mBefore Suite Ended!&amp#27;[10m
ReportListener: onStart
LogListener: onStart
&amp#27;[1mBefore Test Started!&amp#27;[0m
&amp#27;[1mBefore Test Ended!&amp#27;[0m
&amp#27;[1mBefore Class Started!&amp#27;[0m
&amp#27;[1mBefore Class Ended!&amp#27;[0m
&amp#27;[1mBefore Method Test Started!&amp#27;[0m
&amp#27;[1mBefore Method Test Ended!&amp#27;[0m
ReportListener: onTestStart
2024-08-24 02:16:13 INFO  LogListener:23 - addandRemoveElements: Test started
LogListener: onTestStart
Element Added Successfully!
Element Added Successfully!
Element Added Successfully!
Element Added Successfully!
Element Added Successfully!
Delete
Delete
Delete
Delete
Delete
Element Deleted Successfully!
Element Deleted Successfully!
Element Deleted Successfully!
Element Deleted Successfully!
Element Deleted Successfully!
2024-08-24 02:16:14 INFO  LogListener:23 - addandRemoveElements : Test Passed
2024-08-24 02:16:14 INFO  LogListener:23 - To Automate Add/Remove Elements:onTest Success
LogListener: onTestSuccess
]]></system-out>
    <system-err><![CDATA[[main] INFO org.testng.internal.Utils - [XmlSuite] [WARN] 'parallel' value 'false' is no longer valid, defaulting to 'none'.
[main] INFO org.testng.internal.Utils - [XmlSuite] [WARN] 'parallel' value 'false' is no longer valid, defaulting to 'none'.
]]></system-err>
  </testcase>
  <testcase name="basicAuthTest" classname="org.herokuapp.com.tests.HerokuAppSetTest1" time="0.455">
    <system-out><![CDATA[&amp#27;[1mAfter Method Started!&amp#27;[0m
&amp#27;[1mAfter Method Ended!&amp#27;[0m
&amp#27;[1mBefore Method Test Started!&amp#27;[0m
&amp#27;[1mBefore Method Test Ended!&amp#27;[0m
ReportListener: onTestStart
2024-08-24 02:16:20 INFO  LogListener:23 - basicAuthTest: Test started
LogListener: onTestStart
2024-08-24 02:16:20 INFO  LogListener:23 - basicAuthTest : Test Passed
2024-08-24 02:16:20 INFO  LogListener:23 - To Automate Basic Auth:onTest Success
LogListener: onTestSuccess
]]></system-out>
  </testcase>
  <testcase name="brokenImagesTest" classname="org.herokuapp.com.tests.HerokuAppSetTest1" time="11.397">
    <system-out><![CDATA[&amp#27;[1mAfter Method Started!&amp#27;[0m
&amp#27;[1mAfter Method Ended!&amp#27;[0m
&amp#27;[1mBefore Method Test Started!&amp#27;[0m
&amp#27;[1mBefore Method Test Ended!&amp#27;[0m
ReportListener: onTestStart
2024-08-24 02:16:25 INFO  LogListener:23 - brokenImagesTest: Test started
LogListener: onTestStart
3
1. Broken Image - Single Element Status Check:
404
2. Broken Image - Multi-Element Status Code Check by *For Loop*:
404
404
200
3. Broken Image - Multi-Element Status Code Check by *For Each Loop*:
Status Code: 404---The Image is Brokened
Status Code: 404---The Image is Brokened
Status Code: 200---The Image is not Broken
2024-08-24 02:16:37 INFO  LogListener:23 - brokenImagesTest : Test Passed
2024-08-24 02:16:37 INFO  LogListener:23 - To Automate Broken Image:onTest Success
LogListener: onTestSuccess
]]></system-out>
  </testcase>
  <testcase name="challengingDomTest" classname="org.herokuapp.com.tests.HerokuAppSetTest1" time="32.179">
    <system-out><![CDATA[&amp#27;[1mAfter Method Started!&amp#27;[0m
&amp#27;[1mAfter Method Ended!&amp#27;[0m
&amp#27;[1mBefore Method Test Started!&amp#27;[0m
&amp#27;[1mBefore Method Test Ended!&amp#27;[0m
ReportListener: onTestStart
2024-08-24 02:16:42 INFO  LogListener:23 - challengingDomTest: Test started
LogListener: onTestStart
Loop :0
baz element not found
foo Element has visibled!
qux Element has visibled!
2024-08-24 02:17:14 INFO  LogListener:23 - challengingDomTest : Test Passed
2024-08-24 02:17:14 INFO  LogListener:23 - To Automate Add/Remove Elements:onTest Success
LogListener: onTestSuccess
]]></system-out>
  </testcase>
  <testcase name="checkBoxTest" classname="org.herokuapp.com.tests.HerokuAppSetTest1" time="0.523">
    <system-out><![CDATA[&amp#27;[1mAfter Method Started!&amp#27;[0m
&amp#27;[1mAfter Method Ended!&amp#27;[0m
&amp#27;[1mBefore Method Test Started!&amp#27;[0m
&amp#27;[1mBefore Method Test Ended!&amp#27;[0m
ReportListener: onTestStart
2024-08-24 02:17:19 INFO  LogListener:23 - checkBoxTest: Test started
LogListener: onTestStart
2024-08-24 02:17:20 INFO  LogListener:23 - checkBoxTest : Test Passed
2024-08-24 02:17:20 INFO  LogListener:23 - To Automate Check Box:onTest Success
LogListener: onTestSuccess
]]></system-out>
  </testcase>
</testsuite>