<?xml version="1.0" encoding="UTF-8"?>
<testng-results ignored="1" total="2" passed="1" failed="0" skipped="0">
  <reporter-output>
  </reporter-output>
  <suite started-at="2024-10-22T23:46:48 IST" name="HeroKuAPp" finished-at="2024-10-22T23:47:37 IST" duration-ms="48244">
    <groups>
    </groups>
    <test started-at="2024-10-22T23:46:48 IST" name="Firefox FunctionalTest" finished-at="2024-10-22T23:47:37 IST" duration-ms="48244">
      <class name="org.herokuapp.com.tests.AmazonPageTest">
        <test-method is-config="true" signature="beforeClass()[pri:0, instance:org.herokuapp.com.tests.AmazonPageTest@6d5620ce]" started-at="2024-10-22T23:46:49 IST" name="beforeClass" finished-at="2024-10-22T23:46:49 IST" duration-ms="12" status="PASS">
          <reporter-output>
          </reporter-output>
        </test-method> <!-- beforeClass -->
        <test-method signature="amazonTest()[pri:0, instance:org.herokuapp.com.tests.AmazonPageTest@6d5620ce]" started-at="2024-10-22T23:46:49 IST" name="amazonTest" finished-at="2024-10-22T23:47:37 IST" duration-ms="48054" status="PASS">
          <reporter-output>
          </reporter-output>
        </test-method> <!-- amazonTest -->
      </class> <!-- org.herokuapp.com.tests.AmazonPageTest -->
    </test> <!-- Firefox FunctionalTest -->
  </suite> <!-- HeroKuAPp -->
</testng-results>
