<?xml version="1.0" encoding="UTF-8"?>
<testng-results ignored="29" total="34" passed="5" failed="0" skipped="0">
  <reporter-output>
  </reporter-output>
  <suite started-at="2024-08-22T18:36:55 IST" name="HeroKuAPp" finished-at="2024-08-22T18:38:57 IST" duration-ms="121685">
    <groups>
      <group name="First Set">
        <method signature="HerokuAppSetTest1.addandRemoveElements()[pri:0, instance:org.herokuapp.com.tests.HerokuAppSetTest1@43195e57]" name="addandRemoveElements" class="org.herokuapp.com.tests.HerokuAppSetTest1"/>
        <method signature="HerokuAppSetTest1.basicAuthTest()[pri:1, instance:org.herokuapp.com.tests.HerokuAppSetTest1@43195e57]" name="basicAuthTest" class="org.herokuapp.com.tests.HerokuAppSetTest1"/>
        <method signature="HerokuAppSetTest1.brokenImagesTest()[pri:2, instance:org.herokuapp.com.tests.HerokuAppSetTest1@43195e57]" name="brokenImagesTest" class="org.herokuapp.com.tests.HerokuAppSetTest1"/>
        <method signature="HerokuAppSetTest1.challengingDomTest()[pri:3, instance:org.herokuapp.com.tests.HerokuAppSetTest1@43195e57]" name="challengingDomTest" class="org.herokuapp.com.tests.HerokuAppSetTest1"/>
        <method signature="HerokuAppSetTest1.checkBoxTest()[pri:4, instance:org.herokuapp.com.tests.HerokuAppSetTest1@43195e57]" name="checkBoxTest" class="org.herokuapp.com.tests.HerokuAppSetTest1"/>
      </group> <!-- First Set -->
    </groups>
    <test started-at="2024-08-22T18:36:55 IST" name="Chrome FunctionalTest" finished-at="2024-08-22T18:38:56 IST" duration-ms="121251">
      <class name="org.herokuapp.com.tests.HerokuAppSetTest1">
        <test-method is-config="true" signature="beforeTest()[pri:0, instance:org.herokuapp.com.tests.HerokuAppSetTest1@43195e57]" started-at="2024-08-22T18:36:55 IST" name="beforeTest" finished-at="2024-08-22T18:36:55 IST" duration-ms="1" status="PASS">
          <reporter-output>
          </reporter-output>
        </test-method> <!-- beforeTest -->
        <test-method is-config="true" signature="setup()[pri:0, instance:org.herokuapp.com.tests.HerokuAppSetTest1@43195e57]" started-at="2024-08-22T18:36:55 IST" name="setup" finished-at="2024-08-22T18:36:55 IST" duration-ms="0" status="PASS">
          <reporter-output>
          </reporter-output>
        </test-method> <!-- setup -->
        <test-method is-config="true" signature="beforeMethod(java.lang.String, java.lang.String)[pri:0, instance:org.herokuapp.com.tests.HerokuAppSetTest1@43195e57]" started-at="2024-08-22T18:36:55 IST" name="beforeMethod" finished-at="2024-08-22T18:37:03 IST" duration-ms="7425" status="PASS">
          <params>
            <param index="0">
              <value>
                <![CDATA[chrome]]>
              </value>
            </param>
            <param index="1">
              <value>
                <![CDATA[https://the-internet.herokuapp.com/]]>
              </value>
            </param>
          </params>
          <reporter-output>
          </reporter-output>
        </test-method> <!-- beforeMethod -->
        <test-method signature="addandRemoveElements()[pri:0, instance:org.herokuapp.com.tests.HerokuAppSetTest1@43195e57]" started-at="2024-08-22T18:37:03 IST" name="addandRemoveElements" description="To Automate Add/Remove Elements" finished-at="2024-08-22T18:37:05 IST" duration-ms="2903" status="PASS">
          <reporter-output>
          </reporter-output>
        </test-method> <!-- addandRemoveElements -->
        <test-method is-config="true" signature="afterMethod()[pri:0, instance:org.herokuapp.com.tests.HerokuAppSetTest1@43195e57]" started-at="2024-08-22T18:37:05 IST" name="afterMethod" finished-at="2024-08-22T18:37:06 IST" duration-ms="222" status="PASS">
          <reporter-output>
          </reporter-output>
        </test-method> <!-- afterMethod -->
        <test-method is-config="true" signature="beforeMethod(java.lang.String, java.lang.String)[pri:0, instance:org.herokuapp.com.tests.HerokuAppSetTest1@43195e57]" started-at="2024-08-22T18:37:06 IST" name="beforeMethod" finished-at="2024-08-22T18:37:11 IST" duration-ms="5626" status="PASS">
          <params>
            <param index="0">
              <value>
                <![CDATA[chrome]]>
              </value>
            </param>
            <param index="1">
              <value>
                <![CDATA[https://the-internet.herokuapp.com/]]>
              </value>
            </param>
          </params>
          <reporter-output>
          </reporter-output>
        </test-method> <!-- beforeMethod -->
        <test-method signature="basicAuthTest()[pri:1, instance:org.herokuapp.com.tests.HerokuAppSetTest1@43195e57]" started-at="2024-08-22T18:37:11 IST" name="basicAuthTest" description="To Automate Basic Auth" finished-at="2024-08-22T18:37:12 IST" duration-ms="907" status="PASS">
          <reporter-output>
          </reporter-output>
        </test-method> <!-- basicAuthTest -->
        <test-method is-config="true" signature="afterMethod()[pri:0, instance:org.herokuapp.com.tests.HerokuAppSetTest1@43195e57]" started-at="2024-08-22T18:37:12 IST" name="afterMethod" finished-at="2024-08-22T18:37:12 IST" duration-ms="196" status="PASS">
          <reporter-output>
          </reporter-output>
        </test-method> <!-- afterMethod -->
        <test-method is-config="true" signature="beforeMethod(java.lang.String, java.lang.String)[pri:0, instance:org.herokuapp.com.tests.HerokuAppSetTest1@43195e57]" started-at="2024-08-22T18:37:12 IST" name="beforeMethod" finished-at="2024-08-22T18:37:19 IST" duration-ms="6064" status="PASS">
          <params>
            <param index="0">
              <value>
                <![CDATA[chrome]]>
              </value>
            </param>
            <param index="1">
              <value>
                <![CDATA[https://the-internet.herokuapp.com/]]>
              </value>
            </param>
          </params>
          <reporter-output>
          </reporter-output>
        </test-method> <!-- beforeMethod -->
        <test-method signature="brokenImagesTest()[pri:2, instance:org.herokuapp.com.tests.HerokuAppSetTest1@43195e57]" started-at="2024-08-22T18:37:19 IST" name="brokenImagesTest" description="To Automate Broken Image" finished-at="2024-08-22T18:37:36 IST" duration-ms="16990" status="PASS">
          <reporter-output>
          </reporter-output>
        </test-method> <!-- brokenImagesTest -->
        <test-method is-config="true" signature="afterMethod()[pri:0, instance:org.herokuapp.com.tests.HerokuAppSetTest1@43195e57]" started-at="2024-08-22T18:37:36 IST" name="afterMethod" finished-at="2024-08-22T18:37:36 IST" duration-ms="283" status="PASS">
          <reporter-output>
          </reporter-output>
        </test-method> <!-- afterMethod -->
        <test-method is-config="true" signature="beforeMethod(java.lang.String, java.lang.String)[pri:0, instance:org.herokuapp.com.tests.HerokuAppSetTest1@43195e57]" started-at="2024-08-22T18:37:36 IST" name="beforeMethod" finished-at="2024-08-22T18:37:43 IST" duration-ms="7217" status="PASS">
          <params>
            <param index="0">
              <value>
                <![CDATA[chrome]]>
              </value>
            </param>
            <param index="1">
              <value>
                <![CDATA[https://the-internet.herokuapp.com/]]>
              </value>
            </param>
          </params>
          <reporter-output>
          </reporter-output>
        </test-method> <!-- beforeMethod -->
        <test-method signature="challengingDomTest()[pri:3, instance:org.herokuapp.com.tests.HerokuAppSetTest1@43195e57]" started-at="2024-08-22T18:37:43 IST" name="challengingDomTest" description="To Automate Add/Remove Elements" finished-at="2024-08-22T18:38:48 IST" duration-ms="64848" status="PASS">
          <reporter-output>
          </reporter-output>
        </test-method> <!-- challengingDomTest -->
        <test-method is-config="true" signature="afterMethod()[pri:0, instance:org.herokuapp.com.tests.HerokuAppSetTest1@43195e57]" started-at="2024-08-22T18:38:48 IST" name="afterMethod" finished-at="2024-08-22T18:38:48 IST" duration-ms="317" status="PASS">
          <reporter-output>
          </reporter-output>
        </test-method> <!-- afterMethod -->
        <test-method is-config="true" signature="beforeMethod(java.lang.String, java.lang.String)[pri:0, instance:org.herokuapp.com.tests.HerokuAppSetTest1@43195e57]" started-at="2024-08-22T18:38:48 IST" name="beforeMethod" finished-at="2024-08-22T18:38:55 IST" duration-ms="6642" status="PASS">
          <params>
            <param index="0">
              <value>
                <![CDATA[chrome]]>
              </value>
            </param>
            <param index="1">
              <value>
                <![CDATA[https://the-internet.herokuapp.com/]]>
              </value>
            </param>
          </params>
          <reporter-output>
          </reporter-output>
        </test-method> <!-- beforeMethod -->
        <test-method signature="checkBoxTest()[pri:4, instance:org.herokuapp.com.tests.HerokuAppSetTest1@43195e57]" started-at="2024-08-22T18:38:55 IST" name="checkBoxTest" description="To Automate Check Box" finished-at="2024-08-22T18:38:56 IST" duration-ms="1343" status="PASS">
          <reporter-output>
          </reporter-output>
        </test-method> <!-- checkBoxTest -->
        <test-method is-config="true" signature="afterMethod()[pri:0, instance:org.herokuapp.com.tests.HerokuAppSetTest1@43195e57]" started-at="2024-08-22T18:38:56 IST" name="afterMethod" finished-at="2024-08-22T18:38:56 IST" duration-ms="211" status="PASS">
          <reporter-output>
          </reporter-output>
        </test-method> <!-- afterMethod -->
        <test-method is-config="true" signature="wrapUp()[pri:0, instance:org.herokuapp.com.tests.HerokuAppSetTest1@43195e57]" started-at="2024-08-22T18:38:56 IST" name="wrapUp" finished-at="2024-08-22T18:38:56 IST" duration-ms="1" status="PASS">
          <reporter-output>
          </reporter-output>
        </test-method> <!-- wrapUp -->
        <test-method is-config="true" signature="afterTest()[pri:0, instance:org.herokuapp.com.tests.HerokuAppSetTest1@43195e57]" started-at="2024-08-22T18:38:56 IST" name="afterTest" finished-at="2024-08-22T18:38:56 IST" duration-ms="2" status="PASS">
          <reporter-output>
          </reporter-output>
        </test-method> <!-- afterTest -->
      </class> <!-- org.herokuapp.com.tests.HerokuAppSetTest1 -->
    </test> <!-- Chrome FunctionalTest -->
    <test started-at="2024-08-22T18:38:57 IST" name="Firefox FunctionalTest" finished-at="2024-08-22T18:38:57 IST" duration-ms="3">
      <class name="org.herokuapp.com.tests.HerokuAppSetTest1">
        <test-method is-config="true" signature="globalSetup()[pri:0, instance:org.herokuapp.com.tests.HerokuAppSetTest1@2a798d51]" started-at="2024-08-22T18:36:55 IST" name="globalSetup" finished-at="2024-08-22T18:36:55 IST" duration-ms="171" status="PASS">
          <reporter-output>
          </reporter-output>
        </test-method> <!-- globalSetup -->
        <test-method is-config="true" signature="beforeTest()[pri:0, instance:org.herokuapp.com.tests.HerokuAppSetTest1@2a798d51]" started-at="2024-08-22T18:38:57 IST" name="beforeTest" finished-at="2024-08-22T18:38:57 IST" duration-ms="0" status="PASS">
          <reporter-output>
          </reporter-output>
        </test-method> <!-- beforeTest -->
        <test-method is-config="true" signature="afterTest()[pri:0, instance:org.herokuapp.com.tests.HerokuAppSetTest1@2a798d51]" started-at="2024-08-22T18:38:57 IST" name="afterTest" finished-at="2024-08-22T18:38:57 IST" duration-ms="1" status="PASS">
          <reporter-output>
          </reporter-output>
        </test-method> <!-- afterTest -->
        <test-method is-config="true" signature="wrapAllUp()[pri:0, instance:org.herokuapp.com.tests.HerokuAppSetTest1@2a798d51]" started-at="2024-08-22T18:38:57 IST" name="wrapAllUp" finished-at="2024-08-22T18:39:11 IST" duration-ms="14399" status="PASS">
          <reporter-output>
          </reporter-output>
        </test-method> <!-- wrapAllUp -->
      </class> <!-- org.herokuapp.com.tests.HerokuAppSetTest1 -->
    </test> <!-- Firefox FunctionalTest -->
  </suite> <!-- HeroKuAPp -->
</testng-results>
