<?xml version="1.0" encoding="UTF-8"?>
<!-- Generated by org.testng.reporters.JUnitXMLReporter -->
<testsuite ignored="1" hostname="LAPTOP-UMA11IFC" failures="0" tests="1" name="Firefox FunctionalTest" time="48.244" errors="0" timestamp="2024-10-22T23:47:37 IST">
  <testcase classname="org.herokuapp.com.tests.AmazonPageTest" name="amazonTest" time="48.054"/>
  <testcase classname="org.herokuapp.com.tests.AmazonPageTest" name="waitcheck" time="0.0">
    <ignored/>
  </testcase> <!-- waitcheck -->
</testsuite> <!-- Firefox FunctionalTest -->
