<?xml version="1.0" encoding="UTF-8"?>
<!-- Generated by org.testng.reporters.JUnitXMLReporter -->
<testsuite ignored="0" hostname="LAPTOP-UMA11IFC" failures="1" tests="1" name="OrangeHRM FunctionalTest" time="0.453" errors="0" timestamp="2024-09-13T20:05:28 IST">
  <testcase classname="org.herokuapp.com.tests.OrangeHRMTest" name="dataProviderLoginCheck" time="0.125">
    <failure type="org.testng.internal.reflect.MethodMatcherException" message="
[public void org.herokuapp.com.tests.OrangeHRMTest.dataProviderLoginCheck(java.lang.String,java.lang.String)] has no parameters defined but was found to be using a data provider (either explicitly specified or inherited from class level annotation).
Data provider mismatch
Method: dataProviderLoginCheck([Parameter{index=0, type=java.lang.String, declaredAnnotations=[]}, Parameter{index=1, type=java.lang.String, declaredAnnotations=[]}])
Arguments: [(java.lang.String) ,(java.lang.String) Admin,(java.lang.String) admin123]">
      <![CDATA[org.testng.internal.reflect.MethodMatcherException: 
[public void org.herokuapp.com.tests.OrangeHRMTest.dataProviderLoginCheck(java.lang.String,java.lang.String)] has no parameters defined but was found to be using a data provider (either explicitly specified or inherited from class level annotation).
Data provider mismatch
Method: dataProviderLoginCheck([Parameter{index=0, type=java.lang.String, declaredAnnotations=[]}, Parameter{index=1, type=java.lang.String, declaredAnnotations=[]}])
Arguments: [(java.lang.String) ,(java.lang.String) Admin,(java.lang.String) admin123]
at java.base/java.util.ArrayList.forEach(ArrayList.java:1596)
... Removed 22 stack frames]]>
    </failure>
  </testcase> <!-- dataProviderLoginCheck -->
</testsuite> <!-- OrangeHRM FunctionalTest -->
